2022-07-19 23:56:07,040 0      [           main] INFO  aba.druid.pool.DruidDataSource  - {dataSource-1} inited
2022-07-20 00:38:34,996 0      [           main] INFO  aba.druid.pool.DruidDataSource  - {dataSource-1} inited
2022-07-20 00:56:11,546 0      [           main] INFO  aba.druid.pool.DruidDataSource  - {dataSource-1} inited
2022-07-20 16:34:22,743 0      [           main] INFO  aba.druid.pool.DruidDataSource  - {dataSource-1} inited
2022-07-20 16:34:23,384 641    [extShutdownHook] INFO  aba.druid.pool.DruidDataSource  - {dataSource-1} closing ...
2022-07-20 16:34:23,391 648    [extShutdownHook] INFO  aba.druid.pool.DruidDataSource  - {dataSource-1} closed
2022-07-20 16:35:16,790 0      [           main] INFO  aba.druid.pool.DruidDataSource  - {dataSource-1} inited
2022-07-20 16:35:18,110 1320   [extShutdownHook] INFO  aba.druid.pool.DruidDataSource  - {dataSource-1} closing ...
2022-07-20 16:35:18,117 1327   [extShutdownHook] INFO  aba.druid.pool.DruidDataSource  - {dataSource-1} closed
2022-07-20 17:45:49,498 0      [           main] INFO  aba.druid.pool.DruidDataSource  - {dataSource-1} inited
2022-07-20 17:45:56,171 6673   [extShutdownHook] INFO  aba.druid.pool.DruidDataSource  - {dataSource-1} closing ...
2022-07-20 17:45:56,180 6682   [extShutdownHook] INFO  aba.druid.pool.DruidDataSource  - {dataSource-1} closed
2022-07-20 17:47:09,507 0      [           main] INFO  aba.druid.pool.DruidDataSource  - {dataSource-1} inited
2022-07-20 17:47:18,166 8659   [extShutdownHook] INFO  aba.druid.pool.DruidDataSource  - {dataSource-1} closing ...
2022-07-20 17:47:18,182 8675   [extShutdownHook] INFO  aba.druid.pool.DruidDataSource  - {dataSource-1} closed
2022-07-20 17:48:08,818 0      [           main] INFO  aba.druid.pool.DruidDataSource  - {dataSource-1} inited
2022-07-20 17:48:22,811 13993  [extShutdownHook] INFO  aba.druid.pool.DruidDataSource  - {dataSource-1} closing ...
2022-07-20 17:48:22,821 14003  [extShutdownHook] INFO  aba.druid.pool.DruidDataSource  - {dataSource-1} closed
2022-07-20 17:48:47,301 0      [           main] INFO  aba.druid.pool.DruidDataSource  - {dataSource-1} inited
2022-07-20 17:48:59,546 12245  [extShutdownHook] INFO  aba.druid.pool.DruidDataSource  - {dataSource-1} closing ...
2022-07-20 17:48:59,555 12254  [extShutdownHook] INFO  aba.druid.pool.DruidDataSource  - {dataSource-1} closed
2022-07-20 17:50:28,201 0      [           main] INFO  aba.druid.pool.DruidDataSource  - {dataSource-1} inited
2022-07-20 17:50:40,271 12070  [extShutdownHook] INFO  aba.druid.pool.DruidDataSource  - {dataSource-1} closing ...
2022-07-20 17:50:40,278 12077  [extShutdownHook] INFO  aba.druid.pool.DruidDataSource  - {dataSource-1} closed
2022-07-20 17:52:37,578 0      [           main] INFO  aba.druid.pool.DruidDataSource  - {dataSource-1} inited
2022-07-20 17:52:49,484 11906  [extShutdownHook] INFO  aba.druid.pool.DruidDataSource  - {dataSource-1} closing ...
2022-07-20 17:52:49,503 11925  [extShutdownHook] INFO  aba.druid.pool.DruidDataSource  - {dataSource-1} closed
2022-07-20 22:49:45,569 0      [           main] INFO  aba.druid.pool.DruidDataSource  - {dataSource-1} inited
2022-07-20 22:49:46,135 566    [extShutdownHook] INFO  aba.druid.pool.DruidDataSource  - {dataSource-1} closing ...
2022-07-20 22:49:46,141 572    [extShutdownHook] INFO  aba.druid.pool.DruidDataSource  - {dataSource-1} closed
2022-07-20 23:10:57,586 1      [           main] INFO  aba.druid.pool.DruidDataSource  - {dataSource-1} inited
2022-07-20 23:10:58,278 693    [extShutdownHook] INFO  aba.druid.pool.DruidDataSource  - {dataSource-1} closing ...
2022-07-20 23:10:58,285 700    [extShutdownHook] INFO  aba.druid.pool.DruidDataSource  - {dataSource-1} closed
2022-07-20 23:11:25,186 0      [           main] INFO  aba.druid.pool.DruidDataSource  - {dataSource-1} inited
2022-07-20 23:11:25,840 654    [extShutdownHook] INFO  aba.druid.pool.DruidDataSource  - {dataSource-1} closing ...
2022-07-20 23:11:25,846 660    [extShutdownHook] INFO  aba.druid.pool.DruidDataSource  - {dataSource-1} closed
2022-07-21 00:13:19,796 1      [           main] INFO  aba.druid.pool.DruidDataSource  - {dataSource-0} closing ...
2022-07-21 00:14:41,408 0      [           main] INFO  aba.druid.pool.DruidDataSource  - {dataSource-0} closing ...
2022-07-21 00:19:25,716 0      [           main] INFO  aba.druid.pool.DruidDataSource  - {dataSource-0} closing ...
2022-07-21 00:19:31,457 0      [           main] INFO  aba.druid.pool.DruidDataSource  - {dataSource-0} closing ...
2022-07-21 00:23:18,798 0      [           main] INFO  aba.druid.pool.DruidDataSource  - {dataSource-0} closing ...
2022-07-21 00:31:11,874 0      [           main] INFO  aba.druid.pool.DruidDataSource  - {dataSource-0} closing ...
2022-07-21 00:33:48,793 0      [           main] INFO  aba.druid.pool.DruidDataSource  - {dataSource-1} inited
2022-07-21 00:33:49,660 867    [extShutdownHook] INFO  aba.druid.pool.DruidDataSource  - {dataSource-1} closing ...
2022-07-21 00:33:49,670 877    [extShutdownHook] INFO  aba.druid.pool.DruidDataSource  - {dataSource-1} closed
2022-07-21 00:37:06,030 0      [           main] INFO  aba.druid.pool.DruidDataSource  - {dataSource-1} inited
2022-07-21 00:37:06,994 964    [extShutdownHook] INFO  aba.druid.pool.DruidDataSource  - {dataSource-1} closing ...
2022-07-21 00:37:07,002 972    [extShutdownHook] INFO  aba.druid.pool.DruidDataSource  - {dataSource-1} closed
2022-07-21 00:38:08,819 0      [           main] INFO  aba.druid.pool.DruidDataSource  - {dataSource-1} inited
2022-07-21 00:38:09,839 1020   [extShutdownHook] INFO  aba.druid.pool.DruidDataSource  - {dataSource-1} closing ...
2022-07-21 00:38:09,846 1027   [extShutdownHook] INFO  aba.druid.pool.DruidDataSource  - {dataSource-1} closed
2022-07-21 00:39:13,475 0      [           main] INFO  aba.druid.pool.DruidDataSource  - {dataSource-1} inited
2022-07-21 00:39:14,369 894    [extShutdownHook] INFO  aba.druid.pool.DruidDataSource  - {dataSource-1} closing ...
2022-07-21 00:39:14,377 902    [extShutdownHook] INFO  aba.druid.pool.DruidDataSource  - {dataSource-1} closed
2022-07-21 00:58:31,294 0      [           main] INFO  aba.druid.pool.DruidDataSource  - {dataSource-1} inited
2022-07-21 00:58:32,071 777    [extShutdownHook] INFO  aba.druid.pool.DruidDataSource  - {dataSource-1} closing ...
2022-07-21 00:58:32,082 788    [extShutdownHook] INFO  aba.druid.pool.DruidDataSource  - {dataSource-1} closed
2022-07-21 01:07:00,111 0      [           main] INFO  aba.druid.pool.DruidDataSource  - {dataSource-1} inited
2022-07-21 01:07:00,971 860    [extShutdownHook] INFO  aba.druid.pool.DruidDataSource  - {dataSource-1} closing ...
2022-07-21 01:07:00,983 872    [extShutdownHook] INFO  aba.druid.pool.DruidDataSource  - {dataSource-1} closed
2022-07-21 01:08:23,844 0      [           main] INFO  aba.druid.pool.DruidDataSource  - {dataSource-1} inited
2022-07-21 01:08:24,771 927    [extShutdownHook] INFO  aba.druid.pool.DruidDataSource  - {dataSource-1} closing ...
2022-07-21 01:08:24,780 936    [extShutdownHook] INFO  aba.druid.pool.DruidDataSource  - {dataSource-1} closed
2022-07-21 01:09:42,820 0      [           main] INFO  aba.druid.pool.DruidDataSource  - {dataSource-1} inited
2022-07-21 01:09:43,677 857    [extShutdownHook] INFO  aba.druid.pool.DruidDataSource  - {dataSource-1} closing ...
2022-07-21 01:09:43,691 871    [extShutdownHook] INFO  aba.druid.pool.DruidDataSource  - {dataSource-1} closed
2022-07-21 01:10:49,999 0      [           main] INFO  aba.druid.pool.DruidDataSource  - {dataSource-1} inited
2022-07-21 01:10:50,853 854    [extShutdownHook] INFO  aba.druid.pool.DruidDataSource  - {dataSource-1} closing ...
2022-07-21 01:10:50,859 860    [extShutdownHook] INFO  aba.druid.pool.DruidDataSource  - {dataSource-1} closed
