2022-07-19 23:56:07,040 0      [           main] INFO  aba.druid.pool.DruidDataSource  - {dataSource-1} inited
2022-07-20 00:38:34,996 0      [           main] INFO  aba.druid.pool.DruidDataSource  - {dataSource-1} inited
2022-07-20 00:56:11,546 0      [           main] INFO  aba.druid.pool.DruidDataSource  - {dataSource-1} inited
2022-07-20 16:34:22,743 0      [           main] INFO  aba.druid.pool.DruidDataSource  - {dataSource-1} inited
2022-07-20 16:34:23,384 641    [extShutdownHook] INFO  aba.druid.pool.DruidDataSource  - {dataSource-1} closing ...
2022-07-20 16:34:23,391 648    [extShutdownHook] INFO  aba.druid.pool.DruidDataSource  - {dataSource-1} closed
2022-07-20 16:35:16,790 0      [           main] INFO  aba.druid.pool.DruidDataSource  - {dataSource-1} inited
2022-07-20 16:35:18,110 1320   [extShutdownHook] INFO  aba.druid.pool.DruidDataSource  - {dataSource-1} closing ...
2022-07-20 16:35:18,117 1327   [extShutdownHook] INFO  aba.druid.pool.DruidDataSource  - {dataSource-1} closed
2022-07-20 17:45:49,498 0      [           main] INFO  aba.druid.pool.DruidDataSource  - {dataSource-1} inited
2022-07-20 17:45:56,171 6673   [extShutdownHook] INFO  aba.druid.pool.DruidDataSource  - {dataSource-1} closing ...
2022-07-20 17:45:56,180 6682   [extShutdownHook] INFO  aba.druid.pool.DruidDataSource  - {dataSource-1} closed
2022-07-20 17:47:09,507 0      [           main] INFO  aba.druid.pool.DruidDataSource  - {dataSource-1} inited
2022-07-20 17:47:18,166 8659   [extShutdownHook] INFO  aba.druid.pool.DruidDataSource  - {dataSource-1} closing ...
2022-07-20 17:47:18,182 8675   [extShutdownHook] INFO  aba.druid.pool.DruidDataSource  - {dataSource-1} closed
2022-07-20 17:48:08,818 0      [           main] INFO  aba.druid.pool.DruidDataSource  - {dataSource-1} inited
2022-07-20 17:48:22,811 13993  [extShutdownHook] INFO  aba.druid.pool.DruidDataSource  - {dataSource-1} closing ...
2022-07-20 17:48:22,821 14003  [extShutdownHook] INFO  aba.druid.pool.DruidDataSource  - {dataSource-1} closed
2022-07-20 17:48:47,301 0      [           main] INFO  aba.druid.pool.DruidDataSource  - {dataSource-1} inited
2022-07-20 17:48:59,546 12245  [extShutdownHook] INFO  aba.druid.pool.DruidDataSource  - {dataSource-1} closing ...
2022-07-20 17:48:59,555 12254  [extShutdownHook] INFO  aba.druid.pool.DruidDataSource  - {dataSource-1} closed
2022-07-20 17:50:28,201 0      [           main] INFO  aba.druid.pool.DruidDataSource  - {dataSource-1} inited
2022-07-20 17:50:40,271 12070  [extShutdownHook] INFO  aba.druid.pool.DruidDataSource  - {dataSource-1} closing ...
2022-07-20 17:50:40,278 12077  [extShutdownHook] INFO  aba.druid.pool.DruidDataSource  - {dataSource-1} closed
2022-07-20 17:52:37,578 0      [           main] INFO  aba.druid.pool.DruidDataSource  - {dataSource-1} inited
2022-07-20 17:52:49,484 11906  [extShutdownHook] INFO  aba.druid.pool.DruidDataSource  - {dataSource-1} closing ...
2022-07-20 17:52:49,503 11925  [extShutdownHook] INFO  aba.druid.pool.DruidDataSource  - {dataSource-1} closed
